2023-10-07T20:37:08.183-03:00  INFO 28424 --- [restartedMain] rlandio7CreditAssessorServiceApplication : Starting Herlandio7CreditAssessorServiceApplication using Java 17.0.7 with PID 28424 (C:\Users\STDAY\Downloads\microservicos-mensageria-springboot\modular-herlandio7\herlandio7-credit-assessor-service\target\classes started by STDAY in C:\Users\STDAY\Downloads\microservicos-mensageria-springboot\modular-herlandio7\herlandio7-credit-assessor-service)
2023-10-07T20:37:08.189-03:00  INFO 28424 --- [restartedMain] rlandio7CreditAssessorServiceApplication : No active profile set, falling back to 1 default profile: "default"
2023-10-07T20:37:08.256-03:00  INFO 28424 --- [restartedMain] .e.DevToolsPropertyDefaultsPostProcessor : Devtools property defaults active! Set 'spring.devtools.add-properties' to 'false' to disable
2023-10-07T20:37:08.257-03:00  INFO 28424 --- [restartedMain] .e.DevToolsPropertyDefaultsPostProcessor : For additional web related logging consider setting the 'logging.level.web' property to 'DEBUG'
2023-10-07T20:37:09.343-03:00  INFO 28424 --- [restartedMain] o.s.cloud.context.scope.GenericScope     : BeanFactory id=d619eefd-b8e3-37b5-8df5-8741796f76f4
2023-10-07T20:37:09.382-03:00  INFO 28424 --- [restartedMain] trationDelegate$BeanPostProcessorChecker : Bean 'br.com.herlandio7creditassessorservice.infra.clients.CardResourceClient' of type [org.springframework.cloud.openfeign.FeignClientFactoryBean] is not eligible for getting processed by all BeanPostProcessors (for example: not eligible for auto-proxying)
2023-10-07T20:37:09.385-03:00  INFO 28424 --- [restartedMain] trationDelegate$BeanPostProcessorChecker : Bean 'br.com.herlandio7creditassessorservice.infra.clients.ClientResourceClient' of type [org.springframework.cloud.openfeign.FeignClientFactoryBean] is not eligible for getting processed by all BeanPostProcessors (for example: not eligible for auto-proxying)
2023-10-07T20:37:09.833-03:00  INFO 28424 --- [restartedMain] o.s.b.w.embedded.tomcat.TomcatWebServer  : Tomcat initialized with port(s): 0 (http)
2023-10-07T20:37:09.841-03:00  INFO 28424 --- [restartedMain] o.apache.catalina.core.StandardService   : Starting service [Tomcat]
2023-10-07T20:37:09.842-03:00  INFO 28424 --- [restartedMain] o.apache.catalina.core.StandardEngine    : Starting Servlet engine: [Apache Tomcat/10.1.13]
2023-10-07T20:37:09.909-03:00  INFO 28424 --- [restartedMain] o.a.c.c.C.[Tomcat].[localhost].[/]       : Initializing Spring embedded WebApplicationContext
2023-10-07T20:37:09.910-03:00  INFO 28424 --- [restartedMain] w.s.c.ServletWebServerApplicationContext : Root WebApplicationContext: initialization completed in 1652 ms
2023-10-07T20:37:10.209-03:00  WARN 28424 --- [restartedMain] o.s.b.d.a.OptionalLiveReloadServer       : Unable to start LiveReload server
2023-10-07T20:37:10.226-03:00  INFO 28424 --- [restartedMain] o.s.c.openfeign.FeignClientFactoryBean   : For 'herlandio7-client-service' URL not provided. Will try picking an instance via load-balancing.
2023-10-07T20:37:10.282-03:00  INFO 28424 --- [restartedMain] o.s.c.openfeign.FeignClientFactoryBean   : For 'herlandio7-card-service' URL not provided. Will try picking an instance via load-balancing.
2023-10-07T20:37:11.175-03:00  INFO 28424 --- [restartedMain] DiscoveryClientOptionalArgsConfiguration : Eureka HTTP Client uses RestTemplate.
2023-10-07T20:37:11.198-03:00  WARN 28424 --- [restartedMain] iguration$LoadBalancerCaffeineWarnLogger : Spring Cloud LoadBalancer is currently working with the default cache. While this cache implementation is useful for development and tests, it's recommended to use Caffeine cache in production.You can switch to using Caffeine cache, by adding it and org.springframework.cache.caffeine.CaffeineCacheManager to the classpath.
2023-10-07T20:37:11.212-03:00  INFO 28424 --- [restartedMain] o.s.b.a.e.web.EndpointLinksResolver      : Exposing 17 endpoint(s) beneath base path '/actuator'
2023-10-07T20:37:11.277-03:00  INFO 28424 --- [restartedMain] o.s.b.w.embedded.tomcat.TomcatWebServer  : Tomcat started on port(s): 55992 (http) with context path ''
2023-10-07T20:37:11.278-03:00  INFO 28424 --- [restartedMain] .s.c.n.e.s.EurekaAutoServiceRegistration : Updating port to 55992
2023-10-07T20:37:11.282-03:00  INFO 28424 --- [restartedMain] o.s.c.n.eureka.InstanceInfoFactory       : Setting initial instance status as: STARTING
2023-10-07T20:37:11.355-03:00  INFO 28424 --- [restartedMain] com.netflix.discovery.DiscoveryClient    : Initializing Eureka in region us-east-1
2023-10-07T20:37:11.360-03:00  INFO 28424 --- [restartedMain] c.n.d.s.r.aws.ConfigClusterResolver      : Resolving eureka endpoints via configuration
2023-10-07T20:37:11.379-03:00  INFO 28424 --- [restartedMain] com.netflix.discovery.DiscoveryClient    : Disable delta property : false
2023-10-07T20:37:11.379-03:00  INFO 28424 --- [restartedMain] com.netflix.discovery.DiscoveryClient    : Single vip registry refresh property : null
2023-10-07T20:37:11.380-03:00  INFO 28424 --- [restartedMain] com.netflix.discovery.DiscoveryClient    : Force full registry fetch : false
2023-10-07T20:37:11.380-03:00  INFO 28424 --- [restartedMain] com.netflix.discovery.DiscoveryClient    : Application is null : false
2023-10-07T20:37:11.380-03:00  INFO 28424 --- [restartedMain] com.netflix.discovery.DiscoveryClient    : Registered Applications size is zero : true
2023-10-07T20:37:11.381-03:00  INFO 28424 --- [restartedMain] com.netflix.discovery.DiscoveryClient    : Application version is -1: true
2023-10-07T20:37:11.381-03:00  INFO 28424 --- [restartedMain] com.netflix.discovery.DiscoveryClient    : Getting all instance registry info from the eureka server
2023-10-07T20:37:11.731-03:00  INFO 28424 --- [restartedMain] com.netflix.discovery.DiscoveryClient    : The response status is 200
2023-10-07T20:37:11.733-03:00  INFO 28424 --- [restartedMain] com.netflix.discovery.DiscoveryClient    : Starting heartbeat executor: renew interval is: 30
2023-10-07T20:37:11.735-03:00  INFO 28424 --- [restartedMain] c.n.discovery.InstanceInfoReplicator     : InstanceInfoReplicator onDemand update allowed rate per min is 4
2023-10-07T20:37:11.740-03:00  INFO 28424 --- [restartedMain] com.netflix.discovery.DiscoveryClient    : Discovery Client initialized at timestamp 1696721831739 with initial instances count: 2
2023-10-07T20:37:11.741-03:00  INFO 28424 --- [restartedMain] o.s.c.n.e.s.EurekaServiceRegistry        : Registering application HERLANDIO7-CREDIT-ASSESSOR-SERVICE with eureka with status UP
2023-10-07T20:37:11.742-03:00  INFO 28424 --- [restartedMain] com.netflix.discovery.DiscoveryClient    : Saw local status change event StatusChangeEvent [timestamp=1696721831742, current=UP, previous=STARTING]
2023-10-07T20:37:11.744-03:00  INFO 28424 --- [DiscoveryClient-InstanceInfoReplicator-0] com.netflix.discovery.DiscoveryClient    : DiscoveryClient_HERLANDIO7-CREDIT-ASSESSOR-SERVICE/herlandio7-credit-assessor-service:23ed2be45e968fff70abd5ecbf3449e8: registering service...
2023-10-07T20:37:11.858-03:00  INFO 28424 --- [DiscoveryClient-InstanceInfoReplicator-0] com.netflix.discovery.DiscoveryClient    : DiscoveryClient_HERLANDIO7-CREDIT-ASSESSOR-SERVICE/herlandio7-credit-assessor-service:23ed2be45e968fff70abd5ecbf3449e8 - registration status: 204
2023-10-07T20:37:11.877-03:00  INFO 28424 --- [restartedMain] rlandio7CreditAssessorServiceApplication : Started Herlandio7CreditAssessorServiceApplication in 4.229 seconds (process running for 4.63)
2023-10-07T20:42:11.391-03:00  INFO 28424 --- [AsyncResolver-bootstrap-executor-0] c.n.d.s.r.aws.ConfigClusterResolver      : Resolving eureka endpoints via configuration
